<?xml version="1.0" encoding="utf-8"?><testsuites name="pytest tests"><testsuite name="pytest" errors="0" failures="0" skipped="0" tests="4" time="0.800" timestamp="2026-06-09T18:00:18.524128+00:00" hostname="agent-env-36402d21-dfa8-48f1-b6db-b2042febf799"><testcase classname="backend.tests.test_iteration9_map_search.TestMapSearch" name="test_tools_with_lat_lng_radius" time="0.227" /><testcase classname="backend.tests.test_iteration9_map_search.TestMapSearch" name="test_tools_sorted_by_distance" time="0.125" /><testcase classname="backend.tests.test_iteration9_map_search.TestMapSearch" name="test_tools_radius_smaller_returns_fewer" time="0.274" /><testcase classname="backend.tests.test_iteration9_map_search.TestMapSearch" name="test_tools_far_center_returns_empty_or_few" time="0.117" /></testsuite></testsuites>