<?xml version="1.0" encoding="utf-8"?><testsuites name="pytest tests"><testsuite name="pytest" errors="0" failures="0" skipped="0" tests="13" time="5.340" timestamp="2026-06-23T08:18:13.118840+00:00" hostname="agent-env-36402d21-dfa8-48f1-b6db-b2042febf799"><testcase classname="backend.tests.test_iteration13_identity.TestIdentitySubmitAndStatus" name="test_status_not_started" time="0.569" /><testcase classname="backend.tests.test_iteration13_identity.TestIdentitySubmitAndStatus" name="test_submit_creates_pending" time="0.891" /><testcase classname="backend.tests.test_iteration13_identity.TestIdentitySubmitAndStatus" name="test_resubmit_is_idempotent" time="0.653" /><testcase classname="backend.tests.test_iteration13_identity.TestAdminIdentityQueue" name="test_queue_admin_only" time="0.109" /><testcase classname="backend.tests.test_iteration13_identity.TestAdminIdentityQueue" name="test_queue_returns_pending" time="0.447" /><testcase classname="backend.tests.test_iteration13_identity.TestAdminIdentityQueue" name="test_queue_filter_all" time="0.100" /><testcase classname="backend.tests.test_iteration13_identity.TestAdminIdentityQueue" name="test_approve_sets_user_verified" time="0.194" /><testcase classname="backend.tests.test_iteration13_identity.TestAdminIdentityQueue" name="test_double_review_blocked" time="0.110" /><testcase classname="backend.tests.test_iteration13_identity.TestAdminIdentityQueue" name="test_submit_blocked_once_verified" time="0.627" /><testcase classname="backend.tests.test_iteration13_identity.TestRejection" name="test_rejection_does_not_verify" time="1.118" /><testcase classname="backend.tests.test_iteration13_identity.TestVerifiedToolsFilter" name="test_owner_verified_stamped" time="0.129" /><testcase classname="backend.tests.test_iteration13_identity.TestVerifiedToolsFilter" name="test_verified_only_filter" time="0.108" /><testcase classname="backend.tests.test_iteration13_identity.TestVerifiedToolsFilter" name="test_verified_only_subset_of_all" time="0.220" /></testsuite></testsuites>