<?xml version="1.0" encoding="utf-8"?><testsuites name="pytest tests"><testsuite name="pytest" errors="0" failures="0" skipped="0" tests="8" time="2.064" timestamp="2026-06-23T08:39:48.256198+00:00" hostname="agent-env-36402d21-dfa8-48f1-b6db-b2042febf799"><testcase classname="backend.tests.test_iteration14_inventory.TestInventoryEndpoint" name="test_marcus_inventory_shape" time="0.487" /><testcase classname="backend.tests.test_iteration14_inventory.TestInventoryEndpoint" name="test_marcus_inventory_5_tools" time="0.064" /><testcase classname="backend.tests.test_iteration14_inventory.TestInventoryEndpoint" name="test_sara_empty_inventory" time="0.312" /><testcase classname="backend.tests.test_iteration14_inventory.TestInventoryEndpoint" name="test_inventory_requires_auth" time="0.045" /><testcase classname="backend.tests.test_iteration14_inventory.TestBlockDatesXOR" name="test_block_then_unblock" time="0.435" /><testcase classname="backend.tests.test_iteration14_inventory.TestBlockDatesXOR" name="test_block_dates_forbidden_for_non_owner" time="0.050" /><testcase classname="backend.tests.test_iteration14_inventory.TestAvailabilityToggle" name="test_hide_then_restore" time="0.553" /><testcase classname="backend.tests.test_iteration14_inventory.TestAvailabilityToggle" name="test_availability_forbidden_for_non_owner" time="0.044" /></testsuite></testsuites>