<?xml version="1.0" encoding="utf-8"?><testsuites name="pytest tests"><testsuite name="pytest" errors="0" failures="0" skipped="0" tests="14" time="8.909" timestamp="2026-06-09T16:37:47.842256+00:00" hostname="agent-env-36402d21-dfa8-48f1-b6db-b2042febf799"><testcase classname="backend.tests.test_iteration7.TestFollows" name="test_follow_owner_create_and_idempotent" time="1.231" /><testcase classname="backend.tests.test_iteration7.TestFollows" name="test_cannot_follow_self" time="0.116" /><testcase classname="backend.tests.test_iteration7.TestFollows" name="test_follow_unknown_owner_404" time="0.112" /><testcase classname="backend.tests.test_iteration7.TestFollows" name="test_check_follow_true" time="0.125" /><testcase classname="backend.tests.test_iteration7.TestFollows" name="test_list_follows_includes_owner_with_tool_count" time="0.136" /><testcase classname="backend.tests.test_iteration7.TestFollows" name="test_unfollow_removes" time="0.908" /><testcase classname="backend.tests.test_iteration7.TestFavoritesAlerts" name="test_favorite_with_alerts_true_then_flip_false" time="0.819" /><testcase classname="backend.tests.test_iteration7.TestEmailLogFollowNotify" name="test_new_tool_creates_email_to_followers" time="1.760" /><testcase classname="backend.tests.test_iteration7.TestAvailabilityAlertEmail" name="test_status_change_triggers_alert_email" time="1.784" /><testcase classname="backend.tests.test_iteration7.TestReviewConditionTag" name="test_reject_invalid_condition_tag" time="0.100" /><testcase classname="backend.tests.test_iteration7.TestReviewConditionTag" name="test_accept_valid_condition_tag_values" time="0.448" /><testcase classname="backend.tests.test_iteration7.TestAdminReviews" name="test_non_admin_forbidden" time="0.108" /><testcase classname="backend.tests.test_iteration7.TestAdminReviews" name="test_admin_list_has_required_fields" time="0.501" /><testcase classname="backend.tests.test_iteration7.TestAdminReviews" name="test_hide_toggle_excludes_from_public" time="0.631" /></testsuite></testsuites>