<?xml version="1.0" encoding="utf-8"?><testsuites name="pytest tests"><testsuite name="pytest" errors="0" failures="0" skipped="0" tests="5" time="1.169" timestamp="2026-06-09T18:28:10.300620+00:00" hostname="agent-env-36402d21-dfa8-48f1-b6db-b2042febf799"><testcase classname="backend.tests.test_iteration11_currency.TestFxRates" name="test_fx_rates_returns_all_currencies" time="0.271" /><testcase classname="backend.tests.test_iteration11_currency.TestAuth" name="test_login_sara" time="0.368" /><testcase classname="backend.tests.test_iteration11_currency.TestMapSearch" name="test_tools_search_with_lat_lng_radius" time="0.178" /><testcase classname="backend.tests.test_iteration11_currency.TestMapSearch" name="test_tools_search_far_radius" time="0.151" /><testcase classname="backend.tests.test_iteration11_currency.TestProfileRoute" name="test_marcus_profile_loads" time="0.136" /></testsuite></testsuites>