<?xml version="1.0" encoding="utf-8"?><testsuites name="pytest tests"><testsuite name="pytest" errors="0" failures="0" skipped="0" tests="11" time="3.808" timestamp="2026-06-12T08:23:29.716951+00:00" hostname="agent-env-36402d21-dfa8-48f1-b6db-b2042febf799"><testcase classname="backend.tests.test_iteration12_multiunit.TestToolFields" name="test_create_tool_with_quantity_total_and_state" time="0.646" /><testcase classname="backend.tests.test_iteration12_multiunit.TestToolFields" name="test_create_tool_defaults_quantity_total_to_1" time="0.194" /><testcase classname="backend.tests.test_iteration12_multiunit.TestStateFilter" name="test_state_ontario_returns_toronto_and_mississauga" time="0.100" /><testcase classname="backend.tests.test_iteration12_multiunit.TestStateFilter" name="test_state_new_prefix_returns_new_york" time="0.098" /><testcase classname="backend.tests.test_iteration12_multiunit.TestStateFilter" name="test_state_greater_london_returns_london" time="0.091" /><testcase classname="backend.tests.test_iteration12_multiunit.TestStateFilter" name="test_state_case_insensitive" time="0.098" /><testcase classname="backend.tests.test_iteration12_multiunit.TestUnavailableDates" name="test_unavailable_dates_returns_quantity_total_and_availability_keys" time="0.189" /><testcase classname="backend.tests.test_iteration12_multiunit.TestBookingQuantity" name="test_qty_exceeds_total_returns_400" time="0.177" /><testcase classname="backend.tests.test_iteration12_multiunit.TestBookingQuantity" name="test_sequential_bookings_stock_decrements" time="0.754" /><testcase classname="backend.tests.test_iteration12_multiunit.TestBookingQuantity" name="test_qty_default_is_1" time="0.296" /><testcase classname="backend.tests.test_iteration12_multiunit.TestApproveReValidates" name="test_approve_blocked_when_over_capacity" time="1.079" /></testsuite></testsuites>