<?xml version="1.0" encoding="utf-8"?><testsuites name="pytest tests"><testsuite name="pytest" errors="0" failures="0" skipped="1" tests="6" time="1.980" timestamp="2026-06-09T16:38:33.459758+00:00" hostname="agent-env-36402d21-dfa8-48f1-b6db-b2042febf799"><testcase classname="backend.tests.test_iteration8_regression" name="test_follows_list_ok" time="0.563" /><testcase classname="backend.tests.test_iteration8_regression" name="test_favorites_alerts_param" time="0.179" /><testcase classname="backend.tests.test_iteration8_regression" name="test_admin_reviews_endpoint" time="0.455" /><testcase classname="backend.tests.test_iteration8_regression" name="test_admin_reviews_forbidden_for_user" time="0.122" /><testcase classname="backend.tests.test_iteration8_regression" name="test_purchases_endpoint" time="0.120" /><testcase classname="backend.tests.test_iteration8_regression" name="test_review_dedupe_409" time="0.479"><skipped type="pytest.skip" message="No eligible ended booking to test dedupe">/app/backend/tests/test_iteration8_regression.py:75: No eligible ended booking to test dedupe</skipped></testcase></testsuite></testsuites>