<?xml version="1.0" encoding="utf-8"?><testsuites name="pytest tests"><testsuite name="pytest" errors="0" failures="0" skipped="1" tests="10" time="2.867" timestamp="2026-06-09T09:18:17.889080+00:00" hostname="agent-env-36402d21-dfa8-48f1-b6db-b2042febf799"><testcase classname="backend.tests.test_p1_privacy.TestLocationObfuscation" name="test_unauthed_get_tool_returns_approximate_location" time="0.861" /><testcase classname="backend.tests.test_p1_privacy.TestLocationObfuscation" name="test_owner_get_tool_returns_precise_location" time="0.125" /><testcase classname="backend.tests.test_p1_privacy.TestLocationObfuscation" name="test_non_paid_renter_gets_approximate" time="0.596" /><testcase classname="backend.tests.test_p1_privacy.TestLocationObfuscation" name="test_paid_renter_gets_precise" time="0.101"><skipped type="pytest.skip" message="No paid booking exists for sara">/app/backend/tests/test_p1_privacy.py:111: No paid booking exists for sara</skipped></testcase><testcase classname="backend.tests.test_p1_privacy.TestUnavailableDates" name="test_endpoint_returns_dates_list" time="0.097" /><testcase classname="backend.tests.test_p1_privacy.TestUnavailableDates" name="test_endpoint_includes_approved_booking_range" time="0.139" /><testcase classname="backend.tests.test_p1_privacy.TestUnavailableDates" name="test_unknown_tool_returns_404" time="0.102" /><testcase classname="backend.tests.test_p1_privacy.TestMessagingClosed" name="test_post_message_blocked_for_past_end_date" time="0.213" /><testcase classname="backend.tests.test_p1_privacy.TestMessagingClosed" name="test_post_message_works_for_active_booking" time="0.245" /><testcase classname="backend.tests.test_p1_privacy.TestDoubleBookingRegression" name="test_overlapping_booking_returns_409" time="0.213" /></testsuite></testsuites>