<?xml version="1.0" encoding="utf-8"?><testsuites name="pytest tests"><testsuite name="pytest" errors="0" failures="0" skipped="0" tests="24" time="4.871" timestamp="2026-06-08T22:06:33.754333+00:00" hostname="agent-env-36402d21-dfa8-48f1-b6db-b2042febf799"><testcase classname="backend.tests.test_p1_features.TestAntiDoubleBooking" name="test_create_then_approve_then_overlap_create_returns_409" time="1.275" /><testcase classname="backend.tests.test_p1_features.TestAntiDoubleBooking" name="test_non_overlapping_booking_succeeds" time="0.054" /><testcase classname="backend.tests.test_p1_features.TestAntiDoubleBooking" name="test_approve_conflicting_pending_returns_409" time="0.284" /><testcase classname="backend.tests.test_p1_features.TestMessaging" name="test_post_message_as_participant" time="0.106" /><testcase classname="backend.tests.test_p1_features.TestMessaging" name="test_post_message_non_participant_403" time="0.057" /><testcase classname="backend.tests.test_p1_features.TestMessaging" name="test_owner_reply_then_renter_list_marks_read" time="0.161" /><testcase classname="backend.tests.test_p1_features.TestMessaging" name="test_threads_returns_user_threads" time="0.057" /><testcase classname="backend.tests.test_p1_features.TestMessaging" name="test_unread_count_endpoint" time="0.048" /><testcase classname="backend.tests.test_p1_features.TestMessaging" name="test_list_messages_non_participant_403" time="0.055" /><testcase classname="backend.tests.test_p1_features.TestAdmin" name="test_stats" time="0.329" /><testcase classname="backend.tests.test_p1_features.TestAdmin" name="test_users_search" time="0.079" /><testcase classname="backend.tests.test_p1_features.TestAdmin" name="test_admin_users_no_query" time="0.052" /><testcase classname="backend.tests.test_p1_features.TestAdmin" name="test_admin_update_user_toggles" time="0.162" /><testcase classname="backend.tests.test_p1_features.TestAdmin" name="test_admin_bookings_enriched" time="0.061" /><testcase classname="backend.tests.test_p1_features.TestAdmin" name="test_admin_tools" time="0.051" /><testcase classname="backend.tests.test_p1_features.TestAdmin" name="test_admin_email_log" time="0.060" /><testcase classname="backend.tests.test_p1_features.TestAdmin" name="test_non_admin_403" time="0.049" /><testcase classname="backend.tests.test_p1_features.TestStripeCheckout" name="test_pending_booking_cannot_pay" time="0.107" /><testcase classname="backend.tests.test_p1_features.TestStripeCheckout" name="test_non_renter_cannot_pay" time="0.160" /><testcase classname="backend.tests.test_p1_features.TestStripeCheckout" name="test_renter_can_create_checkout" time="0.523" /><testcase classname="backend.tests.test_p1_features.TestStripeCheckout" name="test_payments_status_endpoint_reachable" time="0.256" /><testcase classname="backend.tests.test_p1_features.TestStripeIdentity" name="test_identity_status_no_session" time="0.256" /><testcase classname="backend.tests.test_p1_features.TestStripeIdentity" name="test_identity_start_endpoint_responds" time="0.427" /><testcase classname="backend.tests.test_p1_features.TestEmailMockOnBooking" name="test_booking_creates_email_log" time="0.101" /></testsuite></testsuites>