<?xml version="1.0" encoding="utf-8"?><testsuites name="pytest tests"><testsuite name="pytest" errors="0" failures="0" skipped="0" tests="19" time="8.711" timestamp="2026-06-08T21:45:40.959194+00:00" hostname="agent-env-36402d21-dfa8-48f1-b6db-b2042febf799"><testcase classname="backend.tests.backend_test.TestHealth" name="test_root" time="0.210" /><testcase classname="backend.tests.backend_test.TestHealth" name="test_categories" time="0.049" /><testcase classname="backend.tests.backend_test.TestAuth" name="test_register_new_user" time="0.285" /><testcase classname="backend.tests.backend_test.TestAuth" name="test_register_duplicate" time="0.048" /><testcase classname="backend.tests.backend_test.TestAuth" name="test_login_seeded_user" time="0.274" /><testcase classname="backend.tests.backend_test.TestAuth" name="test_login_invalid" time="0.276" /><testcase classname="backend.tests.backend_test.TestAuth" name="test_auth_me" time="0.052" /><testcase classname="backend.tests.backend_test.TestAuth" name="test_auth_me_unauthenticated" time="0.051" /><testcase classname="backend.tests.backend_test.TestTools" name="test_list_tools_min_12" time="0.051" /><testcase classname="backend.tests.backend_test.TestTools" name="test_filter_by_category" time="0.055" /><testcase classname="backend.tests.backend_test.TestTools" name="test_filter_by_city" time="0.053" /><testcase classname="backend.tests.backend_test.TestTools" name="test_distance_sort" time="0.053" /><testcase classname="backend.tests.backend_test.TestTools" name="test_get_tool_with_owner_and_view_increment" time="0.153" /><testcase classname="backend.tests.backend_test.TestTools" name="test_create_tool" time="0.109" /><testcase classname="backend.tests.backend_test.TestUpload" name="test_upload_image" time="0.285" /><testcase classname="backend.tests.backend_test.TestBookingFlow" name="test_cannot_book_own_tool" time="0.485" /><testcase classname="backend.tests.backend_test.TestBookingFlow" name="test_full_booking_flow" time="0.384" /><testcase classname="backend.tests.backend_test.TestBookingFlow" name="test_favorites_flow" time="0.212" /><testcase classname="backend.tests.backend_test.TestAI" name="test_ai_recommend_fence" time="5.529" /></testsuite></testsuites>